<?xml version="1.0" encoding="UTF-8"?>
<testng-results ignored="1" total="2" passed="1" failed="0" skipped="0">
  <reporter-output>
  </reporter-output>
  <suite started-at="2023-02-20T14:02:26 GMT" name="Default suite" finished-at="2023-02-20T14:02:27 GMT" duration-ms="829">
    <groups>
    </groups>
    <test started-at="2023-02-20T14:02:26 GMT" name="Default test" finished-at="2023-02-20T14:02:27 GMT" duration-ms="829">
      <class name="pojorunner.datadriven">
        <test-method signature="Write_data()[pri:0, instance:pojorunner.datadriven@3b6ddd1d]" started-at="2023-02-20T14:02:26 GMT" name="Write_data" finished-at="2023-02-20T14:02:27 GMT" duration-ms="782" status="PASS">
          <reporter-output>
          </reporter-output>
        </test-method> <!-- Write_data -->
      </class> <!-- pojorunner.datadriven -->
    </test> <!-- Default test -->
  </suite> <!-- Default suite -->
</testng-results>
